<?xml version="1.0" encoding="UTF-8"?>
<testsuite xmlns:xsi="http://www.w3.org/2001/XMLSchema-instance" xsi:noNamespaceSchemaLocation="https://maven.apache.org/surefire/maven-surefire-plugin/xsd/surefire-test-report.xsd" name="org.example.Person2Test" time="0" tests="1" errors="0" skipped="0" failures="0">
  <properties>
    <property name="awt.toolkit" value="sun.lwawt.macosx.LWCToolkit"/>
    <property name="java.specification.version" value="15"/>
    <property name="file.encoding.pkg" value="sun.io"/>
    <property name="jdk.extensions.version" value="15.0.2.0"/>
    <property name="sun.jnu.encoding" value="UTF-8"/>
    <property name="java.class.path" value="/Users/seancampbell/Documents/Repositories/target/test-classes:/Users/seancampbell/Documents/Repositories/target/classes:/Users/seancampbell/.m2/repository/org/projectlombok/lombok/1.18.18/lombok-1.18.18.jar:/Users/seancampbell/.m2/repository/junit/junit/4.12/junit-4.12.jar:/Users/seancampbell/.m2/repository/org/hamcrest/hamcrest-core/1.3/hamcrest-core-1.3.jar:/Users/seancampbell/.m2/repository/com/openpojo/openpojo/0.8.13/openpojo-0.8.13.jar:"/>
    <property name="java.vm.vendor" value="Eclipse OpenJ9"/>
    <property name="sun.arch.data.model" value="64"/>
    <property name="com.ibm.vm.bitmode" value="64"/>
    <property name="user.variant" value=""/>
    <property name="com.ibm.oti.vm.library.version" value="29"/>
    <property name="java.vendor.url" value="https://adoptopenjdk.net/"/>
    <property name="user.timezone" value=""/>
    <property name="os.name" value="Mac OS X"/>
    <property name="java.vm.specification.version" value="15"/>
    <property name="sun.java.launcher" value="SUN_STANDARD"/>
    <property name="user.country" value="US"/>
    <property name="sun.boot.library.path" value="/Users/seancampbell/Library/Java/JavaVirtualMachines/adopt-openj9-15.0.2/Contents/Home/lib/compressedrefs:/Users/seancampbell/Library/Java/JavaVirtualMachines/adopt-openj9-15.0.2/Contents/Home/lib"/>
    <property name="sun.java.command" value="/Users/seancampbell/Documents/Repositories/target/surefire/surefirebooter14549110645386313587.jar /Users/seancampbell/Documents/Repositories/target/surefire 2021-03-16T12-00-29_907-jvmRun1 surefire7609775167251254805tmp surefire_014728863309266551334tmp"/>
    <property name="surefire.test.class.path" value="/Users/seancampbell/Documents/Repositories/target/test-classes:/Users/seancampbell/Documents/Repositories/target/classes:/Users/seancampbell/.m2/repository/org/projectlombok/lombok/1.18.18/lombok-1.18.18.jar:/Users/seancampbell/.m2/repository/junit/junit/4.12/junit-4.12.jar:/Users/seancampbell/.m2/repository/org/hamcrest/hamcrest-core/1.3/hamcrest-core-1.3.jar:/Users/seancampbell/.m2/repository/com/openpojo/openpojo/0.8.13/openpojo-0.8.13.jar:"/>
    <property name="sun.cpu.endian" value="little"/>
    <property name="user.home" value="/Users/seancampbell"/>
    <property name="user.language" value="en"/>
    <property name="java.specification.vendor" value="Oracle Corporation"/>
    <property name="java.version.date" value="2021-01-19"/>
    <property name="java.home" value="/Users/seancampbell/Library/Java/JavaVirtualMachines/adopt-openj9-15.0.2/Contents/Home"/>
    <property name="ibm.signalhandling.rs" value="false"/>
    <property name="file.separator" value="/"/>
    <property name="jdk.extensions.name" value="Extensions for OpenJDK for Eclipse OpenJ9"/>
    <property name="basedir" value="/Users/seancampbell/Documents/Repositories"/>
    <property name="line.separator" value="&#10;"/>
    <property name="java.vm.specification.vendor" value="Oracle Corporation"/>
    <property name="java.specification.name" value="Java Platform API Specification"/>
    <property name="java.compiler" value="j9jit29"/>
    <property name="com.ibm.util.extralibs.properties" value=""/>
    <property name="java.awt.graphicsenv" value="sun.awt.CGraphicsEnvironment"/>
    <property name="com.ibm.oti.configuration" value="scar"/>
    <property name="surefire.real.class.path" value="/Users/seancampbell/Documents/Repositories/target/surefire/surefirebooter14549110645386313587.jar"/>
    <property name="com.ibm.oti.shared.enabled" value="false"/>
    <property name="jdk.boot.class.path.append" value=""/>
    <property name="com.ibm.oti.vm.bootstrap.library.path" value="/Users/seancampbell/Library/Java/JavaVirtualMachines/adopt-openj9-15.0.2/Contents/Home/lib/compressedrefs:/Users/seancampbell/Library/Java/JavaVirtualMachines/adopt-openj9-15.0.2/Contents/Home/lib"/>
    <property name="com.ibm.cpu.endian" value="little"/>
    <property name="java.fullversion" value="15.0.2+7&#10;JRE 15 Mac OS X amd64-64-Bit Compressed References 20210121_172 (JIT enabled, AOT enabled)&#10;OpenJ9   - 345e1b09e&#10;OMR      - 741e94ea8&#10;JCL      - 863b523566 based on jdk-15.0.2+7"/>
    <property name="java.runtime.version" value="15.0.2+7"/>
    <property name="user.name" value="seancampbell"/>
    <property name="path.separator" value=":"/>
    <property name="os.version" value="10.16"/>
    <property name="java.runtime.name" value="OpenJDK Runtime Environment"/>
    <property name="ibm.signalhandling.sigint" value="true"/>
    <property name="file.encoding" value="UTF-8"/>
    <property name="java.vm.name" value="Eclipse OpenJ9 VM"/>
    <property name="java.vendor.version" value="AdoptOpenJDK"/>
    <property name="ibm.signalhandling.sigchain" value="true"/>
    <property name="localRepository" value="/Users/seancampbell/.m2/repository"/>
    <property name="java.vendor.url.bug" value="https://github.com/AdoptOpenJDK/openjdk-support/issues"/>
    <property name="java.io.tmpdir" value="/var/folders/g8/6gjq3js114g7v38zfmrjb2gh0000gn/T/"/>
    <property name="java.version" value="15.0.2"/>
    <property name="com.ibm.system.agent.path" value="/Users/seancampbell/Library/Java/JavaVirtualMachines/adopt-openj9-15.0.2/Contents/Home/lib"/>
    <property name="user.dir" value="/Users/seancampbell/Documents/Repositories"/>
    <property name="os.arch" value="x86_64"/>
    <property name="java.vm.specification.name" value="Java Virtual Machine Specification"/>
    <property name="java.awt.printerjob" value="sun.lwawt.macosx.CPrinterJob"/>
    <property name="sun.nio.PageAlignDirectMemory" value="false"/>
    <property name="os.encoding" value="UTF-8"/>
    <property name="java.library.path" value="/Users/seancampbell/Library/Java/JavaVirtualMachines/adopt-openj9-15.0.2/Contents/Home/lib/compressedrefs:/Users/seancampbell/Library/Java/JavaVirtualMachines/adopt-openj9-15.0.2/Contents/Home/lib:/usr/lib"/>
    <property name="java.vendor" value="AdoptOpenJDK"/>
    <property name="java.vm.info" value="JRE 15 Mac OS X amd64-64-Bit Compressed References 20210121_172 (JIT enabled, AOT enabled)&#10;OpenJ9   - 345e1b09e&#10;OMR      - 741e94ea8&#10;JCL      - 863b523566 based on jdk-15.0.2+7"/>
    <property name="sun.nio.MaxDirectMemorySize" value="1879048192"/>
    <property name="java.vm.version" value="openj9-0.24.0"/>
    <property name="com.ibm.jcl.checkClassPath" value=""/>
    <property name="ibm.system.encoding" value="UTF-8"/>
    <property name="sun.io.unicode.encoding" value="UnicodeLittle"/>
    <property name="java.class.version" value="59.0"/>
  </properties>
  <testcase name="test_gettersAndSetters" classname="org.example.Person2Test" time="0"/>
</testsuite>